终端机在文法中未使用

    ERROR
    ONLY
    EVALSPLIT
    EVALPENALTY


语法

    0 $accept: commands $end

    1 commands: ε
    2         | commands command

    3 command: CREATE ID ID NL
    4        | CREATE ID ID ID FLOATCONST NL
    5        | WRITE LOADFILE ID ID NL
    6        | OPEN ID NL
    7        | CLOSE ID NL
    8        | CHECK ID NL
    9        | SELECT ID opt_k opt_ioparam STRCONST NL
   10        | INSERT ID STRCONST STRCONST NL
   11        | DELETE ID STRCONST NL
   12        | QUIT NL
   13        | DUMP ID dump_page NL
   14        | SPLIT ID INTCONST NL
   15        | SET ECHO_TOKEN INTCONST NL
   16        | SET STRUCT ID INTCONST NL
   17        | CREATEANL ID ID ID INTCONST FLOATCONST NL
   18        | OPENANL ID NL
   19        | CLOSEANL ID NL
   20        | SPLITSTATS ID opt_id NL
   21        | WKLDSTATS ID NL
   22        | PENALTYSTATS ID ID opt_id NL
   23        | ANLINFO ID NL
   24        | PREDINFO ID INTCONST INTCONST NL
   25        | HELP NL
   26        | error NL
   27        | NL

   28 dump_page: ε
   29          | INTCONST

   30 opt_id: ε
   31       | ID

   32 opt_k: ε
   33      | INTCONST

   34 opt_ioparam: ε
   35            | IOPARAM


终结语词，附有它们出现处的规则

    $end (0) 0
    error (256) 26
    ID <string> (258) 3 4 5 6 7 8 9 10 11 13 14 16 17 18 19 20 21 22 23 24 31
    STRCONST <string> (259) 9 10 11
    INTCONST <number> (260) 14 15 16 17 24 29 33
    IOPARAM <number> (261) 35
    FLOATCONST <flt> (262) 4 17
    CREATE (263) 3 4
    INSERT (264) 10
    OPEN (265) 6
    CLOSE (266) 7
    QUIT (267) 12
    SELECT (268) 9
    DELETE (269) 11
    NL (270) 3 4 5 6 7 8 9 10 11 12 13 14 15 16 17 18 19 20 21 22 23 24 25 26 27
    ERROR (271)
    CHECK (272) 8
    SPLIT (273) 14
    HELP (274) 25
    DUMP (275) 13
    ONLY (276)
    SET (277) 15 16
    STRUCT (278) 16
    WRITE (279) 5
    ECHO_TOKEN (280) 15
    EVALSPLIT (281)
    EVALPENALTY (282)
    LOADFILE (283) 5
    PREDINFO (284) 24
    CREATEANL (285) 17
    OPENANL (286) 18
    CLOSEANL (287) 19
    WKLDSTATS (288) 21
    SPLITSTATS (289) 20
    PENALTYSTATS (290) 22
    ANLINFO (291) 23


非终结语词，附有它们出现处的规则

    $accept (37)
        on left: 0
    commands (38)
        on left: 1 2
        on right: 0 2
    command (39)
        on left: 3 4 5 6 7 8 9 10 11 12 13 14 15 16 17 18 19 20 21 22 23 24 25 26 27
        on right: 2
    dump_page <pgno> (40)
        on left: 28 29
        on right: 13
    opt_id <string> (41)
        on left: 30 31
        on right: 20 22
    opt_k <number> (42)
        on left: 32 33
        on right: 9
    opt_ioparam <number> (43)
        on left: 34 35
        on right: 9


状态 0

    0 $accept: • commands $end

    $default  使用规则 1 以归约 (commands)

    commands  转到状态 1


状态 1

    0 $accept: commands • $end
    2 commands: commands • command

    $end          偏移，并进入状态 2
    error         偏移，并进入状态 3
    CREATE        偏移，并进入状态 4
    INSERT        偏移，并进入状态 5
    OPEN          偏移，并进入状态 6
    CLOSE         偏移，并进入状态 7
    QUIT          偏移，并进入状态 8
    SELECT        偏移，并进入状态 9
    DELETE        偏移，并进入状态 10
    NL            偏移，并进入状态 11
    CHECK         偏移，并进入状态 12
    SPLIT         偏移，并进入状态 13
    HELP          偏移，并进入状态 14
    DUMP          偏移，并进入状态 15
    SET           偏移，并进入状态 16
    WRITE         偏移，并进入状态 17
    PREDINFO      偏移，并进入状态 18
    CREATEANL     偏移，并进入状态 19
    OPENANL       偏移，并进入状态 20
    CLOSEANL      偏移，并进入状态 21
    WKLDSTATS     偏移，并进入状态 22
    SPLITSTATS    偏移，并进入状态 23
    PENALTYSTATS  偏移，并进入状态 24
    ANLINFO       偏移，并进入状态 25

    command  转到状态 26


状态 2

    0 $accept: commands $end •

    $default  接受


状态 3

   26 command: error • NL

    NL  偏移，并进入状态 27


状态 4

    3 command: CREATE • ID ID NL
    4        | CREATE • ID ID ID FLOATCONST NL

    ID  偏移，并进入状态 28


状态 5

   10 command: INSERT • ID STRCONST STRCONST NL

    ID  偏移，并进入状态 29


状态 6

    6 command: OPEN • ID NL

    ID  偏移，并进入状态 30


状态 7

    7 command: CLOSE • ID NL

    ID  偏移，并进入状态 31


状态 8

   12 command: QUIT • NL

    NL  偏移，并进入状态 32


状态 9

    9 command: SELECT • ID opt_k opt_ioparam STRCONST NL

    ID  偏移，并进入状态 33


状态 10

   11 command: DELETE • ID STRCONST NL

    ID  偏移，并进入状态 34


状态 11

   27 command: NL •

    $default  使用规则 27 以归约 (command)


状态 12

    8 command: CHECK • ID NL

    ID  偏移，并进入状态 35


状态 13

   14 command: SPLIT • ID INTCONST NL

    ID  偏移，并进入状态 36


状态 14

   25 command: HELP • NL

    NL  偏移，并进入状态 37


状态 15

   13 command: DUMP • ID dump_page NL

    ID  偏移，并进入状态 38


状态 16

   15 command: SET • ECHO_TOKEN INTCONST NL
   16        | SET • STRUCT ID INTCONST NL

    STRUCT      偏移，并进入状态 39
    ECHO_TOKEN  偏移，并进入状态 40


状态 17

    5 command: WRITE • LOADFILE ID ID NL

    LOADFILE  偏移，并进入状态 41


状态 18

   24 command: PREDINFO • ID INTCONST INTCONST NL

    ID  偏移，并进入状态 42


状态 19

   17 command: CREATEANL • ID ID ID INTCONST FLOATCONST NL

    ID  偏移，并进入状态 43


状态 20

   18 command: OPENANL • ID NL

    ID  偏移，并进入状态 44


状态 21

   19 command: CLOSEANL • ID NL

    ID  偏移，并进入状态 45


状态 22

   21 command: WKLDSTATS • ID NL

    ID  偏移，并进入状态 46


状态 23

   20 command: SPLITSTATS • ID opt_id NL

    ID  偏移，并进入状态 47


状态 24

   22 command: PENALTYSTATS • ID ID opt_id NL

    ID  偏移，并进入状态 48


状态 25

   23 command: ANLINFO • ID NL

    ID  偏移，并进入状态 49


状态 26

    2 commands: commands command •

    $default  使用规则 2 以归约 (commands)


状态 27

   26 command: error NL •

    $default  使用规则 26 以归约 (command)


状态 28

    3 command: CREATE ID • ID NL
    4        | CREATE ID • ID ID FLOATCONST NL

    ID  偏移，并进入状态 50


状态 29

   10 command: INSERT ID • STRCONST STRCONST NL

    STRCONST  偏移，并进入状态 51


状态 30

    6 command: OPEN ID • NL

    NL  偏移，并进入状态 52


状态 31

    7 command: CLOSE ID • NL

    NL  偏移，并进入状态 53


状态 32

   12 command: QUIT NL •

    $default  使用规则 12 以归约 (command)


状态 33

    9 command: SELECT ID • opt_k opt_ioparam STRCONST NL

    INTCONST  偏移，并进入状态 54

    $default  使用规则 32 以归约 (opt_k)

    opt_k  转到状态 55


状态 34

   11 command: DELETE ID • STRCONST NL

    STRCONST  偏移，并进入状态 56


状态 35

    8 command: CHECK ID • NL

    NL  偏移，并进入状态 57


状态 36

   14 command: SPLIT ID • INTCONST NL

    INTCONST  偏移，并进入状态 58


状态 37

   25 command: HELP NL •

    $default  使用规则 25 以归约 (command)


状态 38

   13 command: DUMP ID • dump_page NL

    INTCONST  偏移，并进入状态 59

    $default  使用规则 28 以归约 (dump_page)

    dump_page  转到状态 60


状态 39

   16 command: SET STRUCT • ID INTCONST NL

    ID  偏移，并进入状态 61


状态 40

   15 command: SET ECHO_TOKEN • INTCONST NL

    INTCONST  偏移，并进入状态 62


状态 41

    5 command: WRITE LOADFILE • ID ID NL

    ID  偏移，并进入状态 63


状态 42

   24 command: PREDINFO ID • INTCONST INTCONST NL

    INTCONST  偏移，并进入状态 64


状态 43

   17 command: CREATEANL ID • ID ID INTCONST FLOATCONST NL

    ID  偏移，并进入状态 65


状态 44

   18 command: OPENANL ID • NL

    NL  偏移，并进入状态 66


状态 45

   19 command: CLOSEANL ID • NL

    NL  偏移，并进入状态 67


状态 46

   21 command: WKLDSTATS ID • NL

    NL  偏移，并进入状态 68


状态 47

   20 command: SPLITSTATS ID • opt_id NL

    ID  偏移，并进入状态 69

    $default  使用规则 30 以归约 (opt_id)

    opt_id  转到状态 70


状态 48

   22 command: PENALTYSTATS ID • ID opt_id NL

    ID  偏移，并进入状态 71


状态 49

   23 command: ANLINFO ID • NL

    NL  偏移，并进入状态 72


状态 50

    3 command: CREATE ID ID • NL
    4        | CREATE ID ID • ID FLOATCONST NL

    ID  偏移，并进入状态 73
    NL  偏移，并进入状态 74


状态 51

   10 command: INSERT ID STRCONST • STRCONST NL

    STRCONST  偏移，并进入状态 75


状态 52

    6 command: OPEN ID NL •

    $default  使用规则 6 以归约 (command)


状态 53

    7 command: CLOSE ID NL •

    $default  使用规则 7 以归约 (command)


状态 54

   33 opt_k: INTCONST •

    $default  使用规则 33 以归约 (opt_k)


状态 55

    9 command: SELECT ID opt_k • opt_ioparam STRCONST NL

    IOPARAM  偏移，并进入状态 76

    $default  使用规则 34 以归约 (opt_ioparam)

    opt_ioparam  转到状态 77


状态 56

   11 command: DELETE ID STRCONST • NL

    NL  偏移，并进入状态 78


状态 57

    8 command: CHECK ID NL •

    $default  使用规则 8 以归约 (command)


状态 58

   14 command: SPLIT ID INTCONST • NL

    NL  偏移，并进入状态 79


状态 59

   29 dump_page: INTCONST •

    $default  使用规则 29 以归约 (dump_page)


状态 60

   13 command: DUMP ID dump_page • NL

    NL  偏移，并进入状态 80


状态 61

   16 command: SET STRUCT ID • INTCONST NL

    INTCONST  偏移，并进入状态 81


状态 62

   15 command: SET ECHO_TOKEN INTCONST • NL

    NL  偏移，并进入状态 82


状态 63

    5 command: WRITE LOADFILE ID • ID NL

    ID  偏移，并进入状态 83


状态 64

   24 command: PREDINFO ID INTCONST • INTCONST NL

    INTCONST  偏移，并进入状态 84


状态 65

   17 command: CREATEANL ID ID • ID INTCONST FLOATCONST NL

    ID  偏移，并进入状态 85


状态 66

   18 command: OPENANL ID NL •

    $default  使用规则 18 以归约 (command)


状态 67

   19 command: CLOSEANL ID NL •

    $default  使用规则 19 以归约 (command)


状态 68

   21 command: WKLDSTATS ID NL •

    $default  使用规则 21 以归约 (command)


状态 69

   31 opt_id: ID •

    $default  使用规则 31 以归约 (opt_id)


状态 70

   20 command: SPLITSTATS ID opt_id • NL

    NL  偏移，并进入状态 86


状态 71

   22 command: PENALTYSTATS ID ID • opt_id NL

    ID  偏移，并进入状态 69

    $default  使用规则 30 以归约 (opt_id)

    opt_id  转到状态 87


状态 72

   23 command: ANLINFO ID NL •

    $default  使用规则 23 以归约 (command)


状态 73

    4 command: CREATE ID ID ID • FLOATCONST NL

    FLOATCONST  偏移，并进入状态 88


状态 74

    3 command: CREATE ID ID NL •

    $default  使用规则 3 以归约 (command)


状态 75

   10 command: INSERT ID STRCONST STRCONST • NL

    NL  偏移，并进入状态 89


状态 76

   35 opt_ioparam: IOPARAM •

    $default  使用规则 35 以归约 (opt_ioparam)


状态 77

    9 command: SELECT ID opt_k opt_ioparam • STRCONST NL

    STRCONST  偏移，并进入状态 90


状态 78

   11 command: DELETE ID STRCONST NL •

    $default  使用规则 11 以归约 (command)


状态 79

   14 command: SPLIT ID INTCONST NL •

    $default  使用规则 14 以归约 (command)


状态 80

   13 command: DUMP ID dump_page NL •

    $default  使用规则 13 以归约 (command)


状态 81

   16 command: SET STRUCT ID INTCONST • NL

    NL  偏移，并进入状态 91


状态 82

   15 command: SET ECHO_TOKEN INTCONST NL •

    $default  使用规则 15 以归约 (command)


状态 83

    5 command: WRITE LOADFILE ID ID • NL

    NL  偏移，并进入状态 92


状态 84

   24 command: PREDINFO ID INTCONST INTCONST • NL

    NL  偏移，并进入状态 93


状态 85

   17 command: CREATEANL ID ID ID • INTCONST FLOATCONST NL

    INTCONST  偏移，并进入状态 94


状态 86

   20 command: SPLITSTATS ID opt_id NL •

    $default  使用规则 20 以归约 (command)


状态 87

   22 command: PENALTYSTATS ID ID opt_id • NL

    NL  偏移，并进入状态 95


状态 88

    4 command: CREATE ID ID ID FLOATCONST • NL

    NL  偏移，并进入状态 96


状态 89

   10 command: INSERT ID STRCONST STRCONST NL •

    $default  使用规则 10 以归约 (command)


状态 90

    9 command: SELECT ID opt_k opt_ioparam STRCONST • NL

    NL  偏移，并进入状态 97


状态 91

   16 command: SET STRUCT ID INTCONST NL •

    $default  使用规则 16 以归约 (command)


状态 92

    5 command: WRITE LOADFILE ID ID NL •

    $default  使用规则 5 以归约 (command)


状态 93

   24 command: PREDINFO ID INTCONST INTCONST NL •

    $default  使用规则 24 以归约 (command)


状态 94

   17 command: CREATEANL ID ID ID INTCONST • FLOATCONST NL

    FLOATCONST  偏移，并进入状态 98


状态 95

   22 command: PENALTYSTATS ID ID opt_id NL •

    $default  使用规则 22 以归约 (command)


状态 96

    4 command: CREATE ID ID ID FLOATCONST NL •

    $default  使用规则 4 以归约 (command)


状态 97

    9 command: SELECT ID opt_k opt_ioparam STRCONST NL •

    $default  使用规则 9 以归约 (command)


状态 98

   17 command: CREATEANL ID ID ID INTCONST FLOATCONST • NL

    NL  偏移，并进入状态 99


状态 99

   17 command: CREATEANL ID ID ID INTCONST FLOATCONST NL •

    $default  使用规则 17 以归约 (command)
